[2025-11-10 11:46:47,867] INFO [Broker id=1] Transitioning 1 partition(s) to local leaders. (state.change.logger)
[2025-11-10 11:46:47,870] INFO [Broker id=1] Creating new partition mes-machine-telemetry-0 with topic id G4lSZgn5SQKyRsPFZLbhGw. (state.change.logger)
[2025-11-10 11:46:47,881] INFO [Broker id=1] Leader mes-machine-telemetry-0 with topic id Some(G4lSZgn5SQKyRsPFZLbhGw) starts at leader epoch 0 from offset 0 with partition epoch 0, high watermark 0, ISR [1], adding replicas [] and removing replicas [] . Previous leader None and previous leader epoch was -1. (state.change.logger)
[2025-11-10 11:46:47,894] INFO [Broker id=1] Transitioning 50 partition(s) to local leaders. (state.change.logger)
[2025-11-10 11:46:47,896] INFO [Broker id=1] Creating new partition __consumer_offsets-13 with topic id 7TyNrT4IQwG6TtN70pt2bQ. (state.change.logger)
[2025-11-10 11:46:47,899] INFO [Broker id=1] Leader __consumer_offsets-13 with topic id Some(7TyNrT4IQwG6TtN70pt2bQ) starts at leader epoch 0 from offset 0 with partition epoch 0, high watermark 0, ISR [1], adding replicas [] and removing replicas [] . Previous leader None and previous leader epoch was -1. (state.change.logger)
[2025-11-10 11:46:47,903] INFO [Broker id=1] Creating new partition __consumer_offsets-46 with topic id 7TyNrT4IQwG6TtN70pt2bQ. (state.change.logger)
[2025-11-10 11:46:47,905] INFO [Broker id=1] Leader __consumer_offsets-46 with topic id Some(7TyNrT4IQwG6TtN70pt2bQ) starts at leader epoch 0 from offset 0 with partition epoch 0, high watermark 0, ISR [1], adding replicas [] and removing replicas [] . Previous leader None and previous leader epoch was -1. (state.change.logger)
[2025-11-10 11:46:47,911] INFO [Broker id=1] Creating new partition __consumer_offsets-9 with topic id 7TyNrT4IQwG6TtN70pt2bQ. (state.change.logger)
[2025-11-10 11:46:47,913] INFO [Broker id=1] Leader __consumer_offsets-9 with topic id Some(7TyNrT4IQwG6TtN70pt2bQ) starts at leader epoch 0 from offset 0 with partition epoch 0, high watermark 0, ISR [1], adding replicas [] and removing replicas [] . Previous leader None and previous leader epoch was -1. (state.change.logger)
[2025-11-10 11:46:47,918] INFO [Broker id=1] Creating new partition __consumer_offsets-42 with topic id 7TyNrT4IQwG6TtN70pt2bQ. (state.change.logger)
[2025-11-10 11:46:47,919] INFO [Broker id=1] Leader __consumer_offsets-42 with topic id Some(7TyNrT4IQwG6TtN70pt2bQ) starts at leader epoch 0 from offset 0 with partition epoch 0, high watermark 0, ISR [1], adding replicas [] and removing replicas [] . Previous leader None and previous leader epoch was -1. (state.change.logger)
[2025-11-10 11:46:47,925] INFO [Broker id=1] Creating new partition __consumer_offsets-21 with topic id 7TyNrT4IQwG6TtN70pt2bQ. (state.change.logger)
[2025-11-10 11:46:47,927] INFO [Broker id=1] Leader __consumer_offsets-21 with topic id Some(7TyNrT4IQwG6TtN70pt2bQ) starts at leader epoch 0 from offset 0 with partition epoch 0, high watermark 0, ISR [1], adding replicas [] and removing replicas [] . Previous leader None and previous leader epoch was -1. (state.change.logger)
[2025-11-10 11:46:47,931] INFO [Broker id=1] Creating new partition __consumer_offsets-17 with topic id 7TyNrT4IQwG6TtN70pt2bQ. (state.change.logger)
[2025-11-10 11:46:47,933] INFO [Broker id=1] Leader __consumer_offsets-17 with topic id Some(7TyNrT4IQwG6TtN70pt2bQ) starts at leader epoch 0 from offset 0 with partition epoch 0, high watermark 0, ISR [1], adding replicas [] and removing replicas [] . Previous leader None and previous leader epoch was -1. (state.change.logger)
[2025-11-10 11:46:47,938] INFO [Broker id=1] Creating new partition __consumer_offsets-30 with topic id 7TyNrT4IQwG6TtN70pt2bQ. (state.change.logger)
[2025-11-10 11:46:47,940] INFO [Broker id=1] Leader __consumer_offsets-30 with topic id Some(7TyNrT4IQwG6TtN70pt2bQ) starts at leader epoch 0 from offset 0 with partition epoch 0, high watermark 0, ISR [1], adding replicas [] and removing replicas [] . Previous leader None and previous leader epoch was -1. (state.change.logger)
[2025-11-10 11:46:47,946] INFO [Broker id=1] Creating new partition __consumer_offsets-26 with topic id 7TyNrT4IQwG6TtN70pt2bQ. (state.change.logger)
[2025-11-10 11:46:47,948] INFO [Broker id=1] Leader __consumer_offsets-26 with topic id Some(7TyNrT4IQwG6TtN70pt2bQ) starts at leader epoch 0 from offset 0 with partition epoch 0, high watermark 0, ISR [1], adding replicas [] and removing replicas [] . Previous leader None and previous leader epoch was -1. (state.change.logger)
[2025-11-10 11:46:47,952] INFO [Broker id=1] Creating new partition __consumer_offsets-5 with topic id 7TyNrT4IQwG6TtN70pt2bQ. (state.change.logger)
[2025-11-10 11:46:47,953] INFO [Broker id=1] Leader __consumer_offsets-5 with topic id Some(7TyNrT4IQwG6TtN70pt2bQ) starts at leader epoch 0 from offset 0 with partition epoch 0, high watermark 0, ISR [1], adding replicas [] and removing replicas [] . Previous leader None and previous leader epoch was -1. (state.change.logger)
[2025-11-10 11:46:47,959] INFO [Broker id=1] Creating new partition __consumer_offsets-38 with topic id 7TyNrT4IQwG6TtN70pt2bQ. (state.change.logger)
[2025-11-10 11:46:47,961] INFO [Broker id=1] Leader __consumer_offsets-38 with topic id Some(7TyNrT4IQwG6TtN70pt2bQ) starts at leader epoch 0 from offset 0 with partition epoch 0, high watermark 0, ISR [1], adding replicas [] and removing replicas [] . Previous leader None and previous leader epoch was -1. (state.change.logger)
[2025-11-10 11:46:47,965] INFO [Broker id=1] Creating new partition __consumer_offsets-1 with topic id 7TyNrT4IQwG6TtN70pt2bQ. (state.change.logger)
[2025-11-10 11:46:47,966] INFO [Broker id=1] Leader __consumer_offsets-1 with topic id Some(7TyNrT4IQwG6TtN70pt2bQ) starts at leader epoch 0 from offset 0 with partition epoch 0, high watermark 0, ISR [1], adding replicas [] and removing replicas [] . Previous leader None and previous leader epoch was -1. (state.change.logger)
[2025-11-10 11:46:47,972] INFO [Broker id=1] Creating new partition __consumer_offsets-34 with topic id 7TyNrT4IQwG6TtN70pt2bQ. (state.change.logger)
[2025-11-10 11:46:47,974] INFO [Broker id=1] Leader __consumer_offsets-34 with topic id Some(7TyNrT4IQwG6TtN70pt2bQ) starts at leader epoch 0 from offset 0 with partition epoch 0, high watermark 0, ISR [1], adding replicas [] and removing replicas [] . Previous leader None and previous leader epoch was -1. (state.change.logger)
[2025-11-10 11:46:47,979] INFO [Broker id=1] Creating new partition __consumer_offsets-16 with topic id 7TyNrT4IQwG6TtN70pt2bQ. (state.change.logger)
[2025-11-10 11:46:47,984] INFO [Broker id=1] Leader __consumer_offsets-16 with topic id Some(7TyNrT4IQwG6TtN70pt2bQ) starts at leader epoch 0 from offset 0 with partition epoch 0, high watermark 0, ISR [1], adding replicas [] and removing replicas [] . Previous leader None and previous leader epoch was -1. (state.change.logger)
[2025-11-10 11:46:47,989] INFO [Broker id=1] Creating new partition __consumer_offsets-45 with topic id 7TyNrT4IQwG6TtN70pt2bQ. (state.change.logger)
[2025-11-10 11:46:47,990] INFO [Broker id=1] Leader __consumer_offsets-45 with topic id Some(7TyNrT4IQwG6TtN70pt2bQ) starts at leader epoch 0 from offset 0 with partition epoch 0, high watermark 0, ISR [1], adding replicas [] and removing replicas [] . Previous leader None and previous leader epoch was -1. (state.change.logger)
[2025-11-10 11:46:47,996] INFO [Broker id=1] Creating new partition __consumer_offsets-12 with topic id 7TyNrT4IQwG6TtN70pt2bQ. (state.change.logger)
[2025-11-10 11:46:47,998] INFO [Broker id=1] Leader __consumer_offsets-12 with topic id Some(7TyNrT4IQwG6TtN70pt2bQ) starts at leader epoch 0 from offset 0 with partition epoch 0, high watermark 0, ISR [1], adding replicas [] and removing replicas [] . Previous leader None and previous leader epoch was -1. (state.change.logger)
[2025-11-10 11:46:48,003] INFO [Broker id=1] Creating new partition __consumer_offsets-41 with topic id 7TyNrT4IQwG6TtN70pt2bQ. (state.change.logger)
[2025-11-10 11:46:48,005] INFO [Broker id=1] Leader __consumer_offsets-41 with topic id Some(7TyNrT4IQwG6TtN70pt2bQ) starts at leader epoch 0 from offset 0 with partition epoch 0, high watermark 0, ISR [1], adding replicas [] and removing replicas [] . Previous leader None and previous leader epoch was -1. (state.change.logger)
[2025-11-10 11:46:48,008] INFO [Broker id=1] Creating new partition __consumer_offsets-24 with topic id 7TyNrT4IQwG6TtN70pt2bQ. (state.change.logger)
[2025-11-10 11:46:48,009] INFO [Broker id=1] Leader __consumer_offsets-24 with topic id Some(7TyNrT4IQwG6TtN70pt2bQ) starts at leader epoch 0 from offset 0 with partition epoch 0, high watermark 0, ISR [1], adding replicas [] and removing replicas [] . Previous leader None and previous leader epoch was -1. (state.change.logger)
[2025-11-10 11:46:48,015] INFO [Broker id=1] Creating new partition __consumer_offsets-20 with topic id 7TyNrT4IQwG6TtN70pt2bQ. (state.change.logger)
[2025-11-10 11:46:48,017] INFO [Broker id=1] Leader __consumer_offsets-20 with topic id Some(7TyNrT4IQwG6TtN70pt2bQ) starts at leader epoch 0 from offset 0 with partition epoch 0, high watermark 0, ISR [1], adding replicas [] and removing replicas [] . Previous leader None and previous leader epoch was -1. (state.change.logger)
[2025-11-10 11:46:48,021] INFO [Broker id=1] Creating new partition __consumer_offsets-49 with topic id 7TyNrT4IQwG6TtN70pt2bQ. (state.change.logger)
[2025-11-10 11:46:48,023] INFO [Broker id=1] Leader __consumer_offsets-49 with topic id Some(7TyNrT4IQwG6TtN70pt2bQ) starts at leader epoch 0 from offset 0 with partition epoch 0, high watermark 0, ISR [1], adding replicas [] and removing replicas [] . Previous leader None and previous leader epoch was -1. (state.change.logger)
[2025-11-10 11:46:48,029] INFO [Broker id=1] Creating new partition __consumer_offsets-0 with topic id 7TyNrT4IQwG6TtN70pt2bQ. (state.change.logger)
[2025-11-10 11:46:48,030] INFO [Broker id=1] Leader __consumer_offsets-0 with topic id Some(7TyNrT4IQwG6TtN70pt2bQ) starts at leader epoch 0 from offset 0 with partition epoch 0, high watermark 0, ISR [1], adding replicas [] and removing replicas [] . Previous leader None and previous leader epoch was -1. (state.change.logger)
[2025-11-10 11:46:48,033] INFO [Broker id=1] Creating new partition __consumer_offsets-29 with topic id 7TyNrT4IQwG6TtN70pt2bQ. (state.change.logger)
[2025-11-10 11:46:48,035] INFO [Broker id=1] Leader __consumer_offsets-29 with topic id Some(7TyNrT4IQwG6TtN70pt2bQ) starts at leader epoch 0 from offset 0 with partition epoch 0, high watermark 0, ISR [1], adding replicas [] and removing replicas [] . Previous leader None and previous leader epoch was -1. (state.change.logger)
[2025-11-10 11:46:48,041] INFO [Broker id=1] Creating new partition __consumer_offsets-25 with topic id 7TyNrT4IQwG6TtN70pt2bQ. (state.change.logger)
[2025-11-10 11:46:48,042] INFO [Broker id=1] Leader __consumer_offsets-25 with topic id Some(7TyNrT4IQwG6TtN70pt2bQ) starts at leader epoch 0 from offset 0 with partition epoch 0, high watermark 0, ISR [1], adding replicas [] and removing replicas [] . Previous leader None and previous leader epoch was -1. (state.change.logger)
[2025-11-10 11:46:48,048] INFO [Broker id=1] Creating new partition __consumer_offsets-8 with topic id 7TyNrT4IQwG6TtN70pt2bQ. (state.change.logger)
[2025-11-10 11:46:48,049] INFO [Broker id=1] Leader __consumer_offsets-8 with topic id Some(7TyNrT4IQwG6TtN70pt2bQ) starts at leader epoch 0 from offset 0 with partition epoch 0, high watermark 0, ISR [1], adding replicas [] and removing replicas [] . Previous leader None and previous leader epoch was -1. (state.change.logger)
[2025-11-10 11:46:48,054] INFO [Broker id=1] Creating new partition __consumer_offsets-37 with topic id 7TyNrT4IQwG6TtN70pt2bQ. (state.change.logger)
[2025-11-10 11:46:48,055] INFO [Broker id=1] Leader __consumer_offsets-37 with topic id Some(7TyNrT4IQwG6TtN70pt2bQ) starts at leader epoch 0 from offset 0 with partition epoch 0, high watermark 0, ISR [1], adding replicas [] and removing replicas [] . Previous leader None and previous leader epoch was -1. (state.change.logger)
[2025-11-10 11:46:48,061] INFO [Broker id=1] Creating new partition __consumer_offsets-4 with topic id 7TyNrT4IQwG6TtN70pt2bQ. (state.change.logger)
[2025-11-10 11:46:48,062] INFO [Broker id=1] Leader __consumer_offsets-4 with topic id Some(7TyNrT4IQwG6TtN70pt2bQ) starts at leader epoch 0 from offset 0 with partition epoch 0, high watermark 0, ISR [1], adding replicas [] and removing replicas [] . Previous leader None and previous leader epoch was -1. (state.change.logger)
[2025-11-10 11:46:48,068] INFO [Broker id=1] Creating new partition __consumer_offsets-33 with topic id 7TyNrT4IQwG6TtN70pt2bQ. (state.change.logger)
[2025-11-10 11:46:48,070] INFO [Broker id=1] Leader __consumer_offsets-33 with topic id Some(7TyNrT4IQwG6TtN70pt2bQ) starts at leader epoch 0 from offset 0 with partition epoch 0, high watermark 0, ISR [1], adding replicas [] and removing replicas [] . Previous leader None and previous leader epoch was -1. (state.change.logger)
[2025-11-10 11:46:48,074] INFO [Broker id=1] Creating new partition __consumer_offsets-15 with topic id 7TyNrT4IQwG6TtN70pt2bQ. (state.change.logger)
[2025-11-10 11:46:48,076] INFO [Broker id=1] Leader __consumer_offsets-15 with topic id Some(7TyNrT4IQwG6TtN70pt2bQ) starts at leader epoch 0 from offset 0 with partition epoch 0, high watermark 0, ISR [1], adding replicas [] and removing replicas [] . Previous leader None and previous leader epoch was -1. (state.change.logger)
[2025-11-10 11:46:48,082] INFO [Broker id=1] Creating new partition __consumer_offsets-48 with topic id 7TyNrT4IQwG6TtN70pt2bQ. (state.change.logger)
[2025-11-10 11:46:48,084] INFO [Broker id=1] Leader __consumer_offsets-48 with topic id Some(7TyNrT4IQwG6TtN70pt2bQ) starts at leader epoch 0 from offset 0 with partition epoch 0, high watermark 0, ISR [1], adding replicas [] and removing replicas [] . Previous leader None and previous leader epoch was -1. (state.change.logger)
[2025-11-10 11:46:48,087] INFO [Broker id=1] Creating new partition __consumer_offsets-11 with topic id 7TyNrT4IQwG6TtN70pt2bQ. (state.change.logger)
[2025-11-10 11:46:48,089] INFO [Broker id=1] Leader __consumer_offsets-11 with topic id Some(7TyNrT4IQwG6TtN70pt2bQ) starts at leader epoch 0 from offset 0 with partition epoch 0, high watermark 0, ISR [1], adding replicas [] and removing replicas [] . Previous leader None and previous leader epoch was -1. (state.change.logger)
[2025-11-10 11:46:48,094] INFO [Broker id=1] Creating new partition __consumer_offsets-44 with topic id 7TyNrT4IQwG6TtN70pt2bQ. (state.change.logger)
[2025-11-10 11:46:48,095] INFO [Broker id=1] Leader __consumer_offsets-44 with topic id Some(7TyNrT4IQwG6TtN70pt2bQ) starts at leader epoch 0 from offset 0 with partition epoch 0, high watermark 0, ISR [1], adding replicas [] and removing replicas [] . Previous leader None and previous leader epoch was -1. (state.change.logger)
[2025-11-10 11:46:48,100] INFO [Broker id=1] Creating new partition __consumer_offsets-23 with topic id 7TyNrT4IQwG6TtN70pt2bQ. (state.change.logger)
[2025-11-10 11:46:48,102] INFO [Broker id=1] Leader __consumer_offsets-23 with topic id Some(7TyNrT4IQwG6TtN70pt2bQ) starts at leader epoch 0 from offset 0 with partition epoch 0, high watermark 0, ISR [1], adding replicas [] and removing replicas [] . Previous leader None and previous leader epoch was -1. (state.change.logger)
[2025-11-10 11:46:48,108] INFO [Broker id=1] Creating new partition __consumer_offsets-19 with topic id 7TyNrT4IQwG6TtN70pt2bQ. (state.change.logger)
[2025-11-10 11:46:48,109] INFO [Broker id=1] Leader __consumer_offsets-19 with topic id Some(7TyNrT4IQwG6TtN70pt2bQ) starts at leader epoch 0 from offset 0 with partition epoch 0, high watermark 0, ISR [1], adding replicas [] and removing replicas [] . Previous leader None and previous leader epoch was -1. (state.change.logger)
[2025-11-10 11:46:48,113] INFO [Broker id=1] Creating new partition __consumer_offsets-32 with topic id 7TyNrT4IQwG6TtN70pt2bQ. (state.change.logger)
[2025-11-10 11:46:48,114] INFO [Broker id=1] Leader __consumer_offsets-32 with topic id Some(7TyNrT4IQwG6TtN70pt2bQ) starts at leader epoch 0 from offset 0 with partition epoch 0, high watermark 0, ISR [1], adding replicas [] and removing replicas [] . Previous leader None and previous leader epoch was -1. (state.change.logger)
[2025-11-10 11:46:48,120] INFO [Broker id=1] Creating new partition __consumer_offsets-28 with topic id 7TyNrT4IQwG6TtN70pt2bQ. (state.change.logger)
[2025-11-10 11:46:48,121] INFO [Broker id=1] Leader __consumer_offsets-28 with topic id Some(7TyNrT4IQwG6TtN70pt2bQ) starts at leader epoch 0 from offset 0 with partition epoch 0, high watermark 0, ISR [1], adding replicas [] and removing replicas [] . Previous leader None and previous leader epoch was -1. (state.change.logger)
[2025-11-10 11:46:48,127] INFO [Broker id=1] Creating new partition __consumer_offsets-7 with topic id 7TyNrT4IQwG6TtN70pt2bQ. (state.change.logger)
[2025-11-10 11:46:48,128] INFO [Broker id=1] Leader __consumer_offsets-7 with topic id Some(7TyNrT4IQwG6TtN70pt2bQ) starts at leader epoch 0 from offset 0 with partition epoch 0, high watermark 0, ISR [1], adding replicas [] and removing replicas [] . Previous leader None and previous leader epoch was -1. (state.change.logger)
[2025-11-10 11:46:48,133] INFO [Broker id=1] Creating new partition __consumer_offsets-40 with topic id 7TyNrT4IQwG6TtN70pt2bQ. (state.change.logger)
[2025-11-10 11:46:48,134] INFO [Broker id=1] Leader __consumer_offsets-40 with topic id Some(7TyNrT4IQwG6TtN70pt2bQ) starts at leader epoch 0 from offset 0 with partition epoch 0, high watermark 0, ISR [1], adding replicas [] and removing replicas [] . Previous leader None and previous leader epoch was -1. (state.change.logger)
[2025-11-10 11:46:48,137] INFO [Broker id=1] Creating new partition __consumer_offsets-3 with topic id 7TyNrT4IQwG6TtN70pt2bQ. (state.change.logger)
[2025-11-10 11:46:48,139] INFO [Broker id=1] Leader __consumer_offsets-3 with topic id Some(7TyNrT4IQwG6TtN70pt2bQ) starts at leader epoch 0 from offset 0 with partition epoch 0, high watermark 0, ISR [1], adding replicas [] and removing replicas [] . Previous leader None and previous leader epoch was -1. (state.change.logger)
[2025-11-10 11:46:48,145] INFO [Broker id=1] Creating new partition __consumer_offsets-36 with topic id 7TyNrT4IQwG6TtN70pt2bQ. (state.change.logger)
[2025-11-10 11:46:48,146] INFO [Broker id=1] Leader __consumer_offsets-36 with topic id Some(7TyNrT4IQwG6TtN70pt2bQ) starts at leader epoch 0 from offset 0 with partition epoch 0, high watermark 0, ISR [1], adding replicas [] and removing replicas [] . Previous leader None and previous leader epoch was -1. (state.change.logger)
[2025-11-10 11:46:48,152] INFO [Broker id=1] Creating new partition __consumer_offsets-47 with topic id 7TyNrT4IQwG6TtN70pt2bQ. (state.change.logger)
[2025-11-10 11:46:48,153] INFO [Broker id=1] Leader __consumer_offsets-47 with topic id Some(7TyNrT4IQwG6TtN70pt2bQ) starts at leader epoch 0 from offset 0 with partition epoch 0, high watermark 0, ISR [1], adding replicas [] and removing replicas [] . Previous leader None and previous leader epoch was -1. (state.change.logger)
[2025-11-10 11:46:48,159] INFO [Broker id=1] Creating new partition __consumer_offsets-14 with topic id 7TyNrT4IQwG6TtN70pt2bQ. (state.change.logger)
[2025-11-10 11:46:48,160] INFO [Broker id=1] Leader __consumer_offsets-14 with topic id Some(7TyNrT4IQwG6TtN70pt2bQ) starts at leader epoch 0 from offset 0 with partition epoch 0, high watermark 0, ISR [1], adding replicas [] and removing replicas [] . Previous leader None and previous leader epoch was -1. (state.change.logger)
[2025-11-10 11:46:48,163] INFO [Broker id=1] Creating new partition __consumer_offsets-43 with topic id 7TyNrT4IQwG6TtN70pt2bQ. (state.change.logger)
[2025-11-10 11:46:48,165] INFO [Broker id=1] Leader __consumer_offsets-43 with topic id Some(7TyNrT4IQwG6TtN70pt2bQ) starts at leader epoch 0 from offset 0 with partition epoch 0, high watermark 0, ISR [1], adding replicas [] and removing replicas [] . Previous leader None and previous leader epoch was -1. (state.change.logger)
[2025-11-10 11:46:48,171] INFO [Broker id=1] Creating new partition __consumer_offsets-10 with topic id 7TyNrT4IQwG6TtN70pt2bQ. (state.change.logger)
[2025-11-10 11:46:48,172] INFO [Broker id=1] Leader __consumer_offsets-10 with topic id Some(7TyNrT4IQwG6TtN70pt2bQ) starts at leader epoch 0 from offset 0 with partition epoch 0, high watermark 0, ISR [1], adding replicas [] and removing replicas [] . Previous leader None and previous leader epoch was -1. (state.change.logger)
[2025-11-10 11:46:48,177] INFO [Broker id=1] Creating new partition __consumer_offsets-22 with topic id 7TyNrT4IQwG6TtN70pt2bQ. (state.change.logger)
[2025-11-10 11:46:48,178] INFO [Broker id=1] Leader __consumer_offsets-22 with topic id Some(7TyNrT4IQwG6TtN70pt2bQ) starts at leader epoch 0 from offset 0 with partition epoch 0, high watermark 0, ISR [1], adding replicas [] and removing replicas [] . Previous leader None and previous leader epoch was -1. (state.change.logger)
[2025-11-10 11:46:48,183] INFO [Broker id=1] Creating new partition __consumer_offsets-18 with topic id 7TyNrT4IQwG6TtN70pt2bQ. (state.change.logger)
[2025-11-10 11:46:48,185] INFO [Broker id=1] Leader __consumer_offsets-18 with topic id Some(7TyNrT4IQwG6TtN70pt2bQ) starts at leader epoch 0 from offset 0 with partition epoch 0, high watermark 0, ISR [1], adding replicas [] and removing replicas [] . Previous leader None and previous leader epoch was -1. (state.change.logger)
[2025-11-10 11:46:48,190] INFO [Broker id=1] Creating new partition __consumer_offsets-31 with topic id 7TyNrT4IQwG6TtN70pt2bQ. (state.change.logger)
[2025-11-10 11:46:48,191] INFO [Broker id=1] Leader __consumer_offsets-31 with topic id Some(7TyNrT4IQwG6TtN70pt2bQ) starts at leader epoch 0 from offset 0 with partition epoch 0, high watermark 0, ISR [1], adding replicas [] and removing replicas [] . Previous leader None and previous leader epoch was -1. (state.change.logger)
[2025-11-10 11:46:48,195] INFO [Broker id=1] Creating new partition __consumer_offsets-27 with topic id 7TyNrT4IQwG6TtN70pt2bQ. (state.change.logger)
[2025-11-10 11:46:48,197] INFO [Broker id=1] Leader __consumer_offsets-27 with topic id Some(7TyNrT4IQwG6TtN70pt2bQ) starts at leader epoch 0 from offset 0 with partition epoch 0, high watermark 0, ISR [1], adding replicas [] and removing replicas [] . Previous leader None and previous leader epoch was -1. (state.change.logger)
[2025-11-10 11:46:48,202] INFO [Broker id=1] Creating new partition __consumer_offsets-39 with topic id 7TyNrT4IQwG6TtN70pt2bQ. (state.change.logger)
[2025-11-10 11:46:48,203] INFO [Broker id=1] Leader __consumer_offsets-39 with topic id Some(7TyNrT4IQwG6TtN70pt2bQ) starts at leader epoch 0 from offset 0 with partition epoch 0, high watermark 0, ISR [1], adding replicas [] and removing replicas [] . Previous leader None and previous leader epoch was -1. (state.change.logger)
[2025-11-10 11:46:48,208] INFO [Broker id=1] Creating new partition __consumer_offsets-6 with topic id 7TyNrT4IQwG6TtN70pt2bQ. (state.change.logger)
[2025-11-10 11:46:48,209] INFO [Broker id=1] Leader __consumer_offsets-6 with topic id Some(7TyNrT4IQwG6TtN70pt2bQ) starts at leader epoch 0 from offset 0 with partition epoch 0, high watermark 0, ISR [1], adding replicas [] and removing replicas [] . Previous leader None and previous leader epoch was -1. (state.change.logger)
[2025-11-10 11:46:48,215] INFO [Broker id=1] Creating new partition __consumer_offsets-35 with topic id 7TyNrT4IQwG6TtN70pt2bQ. (state.change.logger)
[2025-11-10 11:46:48,216] INFO [Broker id=1] Leader __consumer_offsets-35 with topic id Some(7TyNrT4IQwG6TtN70pt2bQ) starts at leader epoch 0 from offset 0 with partition epoch 0, high watermark 0, ISR [1], adding replicas [] and removing replicas [] . Previous leader None and previous leader epoch was -1. (state.change.logger)
[2025-11-10 11:46:48,221] INFO [Broker id=1] Creating new partition __consumer_offsets-2 with topic id 7TyNrT4IQwG6TtN70pt2bQ. (state.change.logger)
[2025-11-10 11:46:48,222] INFO [Broker id=1] Leader __consumer_offsets-2 with topic id Some(7TyNrT4IQwG6TtN70pt2bQ) starts at leader epoch 0 from offset 0 with partition epoch 0, high watermark 0, ISR [1], adding replicas [] and removing replicas [] . Previous leader None and previous leader epoch was -1. (state.change.logger)
[2025-11-10 11:48:27,560] INFO [Broker id=1] Transitioning 2 partition(s) to local leaders. (state.change.logger)
[2025-11-10 11:48:27,563] ERROR [Broker id=1] Expected partition mes-machine-telemetry-2 with topic id G4lSZgn5SQKyRsPFZLbhGw to exist, but it was missing. Creating... (state.change.logger)
[2025-11-10 11:48:27,565] INFO [Broker id=1] Leader mes-machine-telemetry-2 with topic id Some(G4lSZgn5SQKyRsPFZLbhGw) starts at leader epoch 0 from offset 0 with partition epoch 0, high watermark 0, ISR [1], adding replicas [] and removing replicas [] . Previous leader None and previous leader epoch was -1. (state.change.logger)
[2025-11-10 11:48:27,572] ERROR [Broker id=1] Expected partition mes-machine-telemetry-1 with topic id G4lSZgn5SQKyRsPFZLbhGw to exist, but it was missing. Creating... (state.change.logger)
[2025-11-10 11:48:27,573] INFO [Broker id=1] Leader mes-machine-telemetry-1 with topic id Some(G4lSZgn5SQKyRsPFZLbhGw) starts at leader epoch 0 from offset 0 with partition epoch 0, high watermark 0, ISR [1], adding replicas [] and removing replicas [] . Previous leader None and previous leader epoch was -1. (state.change.logger)
